[debug] [2020-07-07T06:34:04.144Z] ----------------------------------------------------------------------
[debug] [2020-07-07T06:34:04.146Z] Command:       C:\Program Files\nodejs\node.exe C:\Users\prathee\AppData\Roaming\npm\node_modules\firebase-tools\lib\bin\firebase.js deploy
[debug] [2020-07-07T06:34:04.146Z] CLI Version:   8.4.3
[debug] [2020-07-07T06:34:04.146Z] Platform:      win32
[debug] [2020-07-07T06:34:04.146Z] Node Version:  v13.12.0
[debug] [2020-07-07T06:34:04.148Z] Time:          Tue Jul 07 2020 12:04:04 GMT+0530 (India Standard Time)
[debug] [2020-07-07T06:34:04.148Z] ----------------------------------------------------------------------
[debug] [2020-07-07T06:34:04.148Z] 
[debug] [2020-07-07T06:34:04.158Z] > command requires scopes: ["email","openid","https://www.googleapis.com/auth/cloudplatformprojects.readonly","https://www.googleapis.com/auth/firebase","https://www.googleapis.com/auth/cloud-platform"]
[debug] [2020-07-07T06:34:04.158Z] > authorizing via signed-in user
[debug] [2020-07-07T06:34:04.159Z] [iam] checking project covid-19-tracker for permissions ["firebase.projects.get","firebasehosting.sites.update"]
[debug] [2020-07-07T06:34:04.162Z] >>> HTTP REQUEST POST https://cloudresourcemanager.googleapis.com/v1/projects/covid-19-tracker:testIamPermissions  
 {"permissions":["firebase.projects.get","firebasehosting.sites.update"]}
[debug] [2020-07-07T06:34:05.625Z] <<< HTTP RESPONSE 200 {"content-type":"application/json; charset=UTF-8","vary":"X-Origin, Referer, Origin,Accept-Encoding","date":"Tue, 07 Jul 2020 06:34:05 GMT","server":"ESF","cache-control":"private","x-xss-protection":"0","x-frame-options":"SAMEORIGIN","x-content-type-options":"nosniff","server-timing":"gfet4t7; dur=1236","alt-svc":"h3-29=\":443\"; ma=2592000,h3-27=\":443\"; ma=2592000,h3-25=\":443\"; ma=2592000,h3-T050=\":443\"; ma=2592000,h3-Q050=\":443\"; ma=2592000,h3-Q046=\":443\"; ma=2592000,h3-Q043=\":443\"; ma=2592000,quic=\":443\"; ma=2592000; v=\"46,43\"","accept-ranges":"none","transfer-encoding":"chunked"}
[debug] [2020-07-07T06:34:05.627Z] [iam] error while checking permissions, command may fail: FirebaseError: Authorization failed. This account is missing the following required permissions on project covid-19-tracker:

  firebase.projects.get
  firebasehosting.sites.update
[debug] [2020-07-07T06:34:05.630Z] >>> HTTP REQUEST GET https://firebase.googleapis.com/v1beta1/projects/covid-19-tracker  
 
[debug] [2020-07-07T06:34:06.305Z] <<< HTTP RESPONSE 403 {"vary":"X-Origin, Referer, Origin,Accept-Encoding","content-type":"application/json; charset=UTF-8","date":"Tue, 07 Jul 2020 06:34:06 GMT","server":"ESF","cache-control":"private","x-xss-protection":"0","x-frame-options":"SAMEORIGIN","x-content-type-options":"nosniff","alt-svc":"h3-29=\":443\"; ma=2592000,h3-27=\":443\"; ma=2592000,h3-25=\":443\"; ma=2592000,h3-T050=\":443\"; ma=2592000,h3-Q050=\":443\"; ma=2592000,h3-Q046=\":443\"; ma=2592000,h3-Q043=\":443\"; ma=2592000,quic=\":443\"; ma=2592000; v=\"46,43\"","accept-ranges":"none","transfer-encoding":"chunked"}
[debug] [2020-07-07T06:34:06.306Z] <<< HTTP RESPONSE BODY {"error":{"code":403,"message":"The caller does not have permission","status":"PERMISSION_DENIED"}}
[debug] [2020-07-07T06:34:06.309Z] HTTP Error: 403, The caller does not have permission
[debug] [2020-07-07T06:34:06.498Z] FirebaseError: HTTP Error: 403, The caller does not have permission
    at module.exports (C:\Users\prathee\AppData\Roaming\npm\node_modules\firebase-tools\lib\responseToError.js:38:12)
    at Request._callback (C:\Users\prathee\AppData\Roaming\npm\node_modules\firebase-tools\lib\api.js:41:35)
    at Request.self.callback (C:\Users\prathee\AppData\Roaming\npm\node_modules\firebase-tools\node_modules\request\request.js:185:22)
    at Request.emit (events.js:315:20)
    at Request.EventEmitter.emit (domain.js:485:12)
    at Request.<anonymous> (C:\Users\prathee\AppData\Roaming\npm\node_modules\firebase-tools\node_modules\request\request.js:1154:10)
    at Request.emit (events.js:315:20)
    at Request.EventEmitter.emit (domain.js:485:12)
    at IncomingMessage.<anonymous> (C:\Users\prathee\AppData\Roaming\npm\node_modules\firebase-tools\node_modules\request\request.js:1076:12)
    at Object.onceWrapper (events.js:421:28)
    at IncomingMessage.emit (events.js:327:22)
    at IncomingMessage.EventEmitter.emit (domain.js:485:12)
    at endReadableNT (_stream_readable.js:1201:12)
    at processTicksAndRejections (internal/process/task_queues.js:84:21)
[error] 
[error] Error: Failed to get Firebase project covid-19-tracker. Please make sure the project exists and your account has permission to access it.
[debug] [2020-07-07T06:37:17.310Z] ----------------------------------------------------------------------
[debug] [2020-07-07T06:37:17.314Z] Command:       C:\Program Files\nodejs\node.exe C:\Users\prathee\AppData\Roaming\npm\node_modules\firebase-tools\lib\bin\firebase.js init
[debug] [2020-07-07T06:37:17.315Z] CLI Version:   8.4.3
[debug] [2020-07-07T06:37:17.315Z] Platform:      win32
[debug] [2020-07-07T06:37:17.315Z] Node Version:  v13.12.0
[debug] [2020-07-07T06:37:17.317Z] Time:          Tue Jul 07 2020 12:07:17 GMT+0530 (India Standard Time)
[debug] [2020-07-07T06:37:17.318Z] ----------------------------------------------------------------------
[debug] [2020-07-07T06:37:17.318Z] 
[debug] [2020-07-07T06:37:17.331Z] > command requires scopes: ["email","openid","https://www.googleapis.com/auth/cloudplatformprojects.readonly","https://www.googleapis.com/auth/firebase","https://www.googleapis.com/auth/cloud-platform"]
[debug] [2020-07-07T06:37:17.332Z] > authorizing via signed-in user
[info] 
     ######## #### ########  ######## ########     ###     ######  ########
     ##        ##  ##     ## ##       ##     ##  ##   ##  ##       ##
     ######    ##  ########  ######   ########  #########  ######  ######
     ##        ##  ##    ##  ##       ##     ## ##     ##       ## ##
     ##       #### ##     ## ######## ########  ##     ##  ######  ########

You're about to initialize a Firebase project in this directory:

  C:\Users\prathee\Desktop\coursera\React\covid-tracker

Before we get started, keep in mind:

  * You are initializing in an existing Firebase project directory

[info] 
=== Project Setup
[info] 
[info] First, let's associate this project directory with a Firebase project.
[info] You can create multiple project aliases by running firebase use --add, 
[info] but for now we'll just set up a default project.
[info] 
[debug] [2020-07-07T06:37:26.474Z] >>> HTTP REQUEST GET https://firebase.googleapis.com/v1beta1/projects/covid-19-tracker  
 
[debug] [2020-07-07T06:37:27.052Z] <<< HTTP RESPONSE 403 {"vary":"X-Origin, Referer, Origin,Accept-Encoding","content-type":"application/json; charset=UTF-8","date":"Tue, 07 Jul 2020 06:37:27 GMT","server":"ESF","cache-control":"private","x-xss-protection":"0","x-frame-options":"SAMEORIGIN","x-content-type-options":"nosniff","alt-svc":"h3-29=\":443\"; ma=2592000,h3-27=\":443\"; ma=2592000,h3-25=\":443\"; ma=2592000,h3-T050=\":443\"; ma=2592000,h3-Q050=\":443\"; ma=2592000,h3-Q046=\":443\"; ma=2592000,h3-Q043=\":443\"; ma=2592000,quic=\":443\"; ma=2592000; v=\"46,43\"","accept-ranges":"none","transfer-encoding":"chunked"}
[debug] [2020-07-07T06:37:27.053Z] <<< HTTP RESPONSE BODY {"error":{"code":403,"message":"The caller does not have permission","status":"PERMISSION_DENIED"}}
[debug] [2020-07-07T06:37:27.058Z] HTTP Error: 403, The caller does not have permission
[debug] [2020-07-07T06:37:27.357Z] FirebaseError: HTTP Error: 403, The caller does not have permission
    at module.exports (C:\Users\prathee\AppData\Roaming\npm\node_modules\firebase-tools\lib\responseToError.js:38:12)
    at Request._callback (C:\Users\prathee\AppData\Roaming\npm\node_modules\firebase-tools\lib\api.js:41:35)
    at Request.self.callback (C:\Users\prathee\AppData\Roaming\npm\node_modules\firebase-tools\node_modules\request\request.js:185:22)
    at Request.emit (events.js:315:20)
    at Request.EventEmitter.emit (domain.js:485:12)
    at Request.<anonymous> (C:\Users\prathee\AppData\Roaming\npm\node_modules\firebase-tools\node_modules\request\request.js:1154:10)
    at Request.emit (events.js:315:20)
    at Request.EventEmitter.emit (domain.js:485:12)
    at IncomingMessage.<anonymous> (C:\Users\prathee\AppData\Roaming\npm\node_modules\firebase-tools\node_modules\request\request.js:1076:12)
    at Object.onceWrapper (events.js:421:28)
    at IncomingMessage.emit (events.js:327:22)
    at IncomingMessage.EventEmitter.emit (domain.js:485:12)
    at endReadableNT (_stream_readable.js:1201:12)
    at processTicksAndRejections (internal/process/task_queues.js:84:21)
[error] 
[error] Error: Failed to get Firebase project covid-19-tracker. Please make sure the project exists and your account has permission to access it.
[debug] [2020-07-07T06:41:46.565Z] ----------------------------------------------------------------------
[debug] [2020-07-07T06:41:46.568Z] Command:       C:\Program Files\nodejs\node.exe C:\Users\prathee\AppData\Roaming\npm\node_modules\firebase-tools\lib\bin\firebase.js init
[debug] [2020-07-07T06:41:46.568Z] CLI Version:   8.4.3
[debug] [2020-07-07T06:41:46.569Z] Platform:      win32
[debug] [2020-07-07T06:41:46.569Z] Node Version:  v13.12.0
[debug] [2020-07-07T06:41:46.571Z] Time:          Tue Jul 07 2020 12:11:46 GMT+0530 (India Standard Time)
[debug] [2020-07-07T06:41:46.571Z] ----------------------------------------------------------------------
[debug] [2020-07-07T06:41:46.571Z] 
[debug] [2020-07-07T06:41:46.582Z] > command requires scopes: ["email","openid","https://www.googleapis.com/auth/cloudplatformprojects.readonly","https://www.googleapis.com/auth/firebase","https://www.googleapis.com/auth/cloud-platform"]
[debug] [2020-07-07T06:41:46.583Z] > authorizing via signed-in user
[info] 
     ######## #### ########  ######## ########     ###     ######  ########
     ##        ##  ##     ## ##       ##     ##  ##   ##  ##       ##
     ######    ##  ########  ######   ########  #########  ######  ######
     ##        ##  ##    ##  ##       ##     ## ##     ##       ## ##
     ##       #### ##     ## ######## ########  ##     ##  ######  ########

You're about to initialize a Firebase project in this directory:

  C:\Users\prathee\Desktop\coursera\React\covid-tracker

Before we get started, keep in mind:

  * You are initializing in an existing Firebase project directory

[info] 
=== Project Setup
[info] 
[info] First, let's associate this project directory with a Firebase project.
[info] You can create multiple project aliases by running firebase use --add, 
[info] but for now we'll just set up a default project.
[info] 
[debug] [2020-07-07T06:41:53.713Z] >>> HTTP REQUEST GET https://firebase.googleapis.com/v1beta1/projects/covid-19-tracker  
 
[debug] [2020-07-07T06:41:54.319Z] <<< HTTP RESPONSE 403 {"vary":"X-Origin, Referer, Origin,Accept-Encoding","content-type":"application/json; charset=UTF-8","date":"Tue, 07 Jul 2020 06:41:54 GMT","server":"ESF","cache-control":"private","x-xss-protection":"0","x-frame-options":"SAMEORIGIN","x-content-type-options":"nosniff","alt-svc":"h3-29=\":443\"; ma=2592000,h3-27=\":443\"; ma=2592000,h3-25=\":443\"; ma=2592000,h3-T050=\":443\"; ma=2592000,h3-Q050=\":443\"; ma=2592000,h3-Q046=\":443\"; ma=2592000,h3-Q043=\":443\"; ma=2592000,quic=\":443\"; ma=2592000; v=\"46,43\"","accept-ranges":"none","transfer-encoding":"chunked"}
[debug] [2020-07-07T06:41:54.319Z] <<< HTTP RESPONSE BODY {"error":{"code":403,"message":"The caller does not have permission","status":"PERMISSION_DENIED"}}
[debug] [2020-07-07T06:41:54.324Z] HTTP Error: 403, The caller does not have permission
[debug] [2020-07-07T06:41:54.495Z] FirebaseError: HTTP Error: 403, The caller does not have permission
    at module.exports (C:\Users\prathee\AppData\Roaming\npm\node_modules\firebase-tools\lib\responseToError.js:38:12)
    at Request._callback (C:\Users\prathee\AppData\Roaming\npm\node_modules\firebase-tools\lib\api.js:41:35)
    at Request.self.callback (C:\Users\prathee\AppData\Roaming\npm\node_modules\firebase-tools\node_modules\request\request.js:185:22)
    at Request.emit (events.js:315:20)
    at Request.EventEmitter.emit (domain.js:485:12)
    at Request.<anonymous> (C:\Users\prathee\AppData\Roaming\npm\node_modules\firebase-tools\node_modules\request\request.js:1154:10)
    at Request.emit (events.js:315:20)
    at Request.EventEmitter.emit (domain.js:485:12)
    at IncomingMessage.<anonymous> (C:\Users\prathee\AppData\Roaming\npm\node_modules\firebase-tools\node_modules\request\request.js:1076:12)
    at Object.onceWrapper (events.js:421:28)
    at IncomingMessage.emit (events.js:327:22)
    at IncomingMessage.EventEmitter.emit (domain.js:485:12)
    at endReadableNT (_stream_readable.js:1201:12)
    at processTicksAndRejections (internal/process/task_queues.js:84:21)
[error] 
[error] Error: Failed to get Firebase project covid-19-tracker. Please make sure the project exists and your account has permission to access it.
